<?xml version="1.0" encoding="UTF-8"?>
<!-- Generated by org.testng.reporters.JUnitReportReporter -->
<testsuite hostname="Ayyappas-MacBook-Air.local" failures="0" tests="2" name="basic.testcase.SampleLoggingGenerator" time="0.131" errors="0" timestamp="2022-04-24T13:15:03 IST" skipped="0">
  <testcase classname="basic.testcase.SampleLoggingGenerator" name="REST_TEST02" time="0.008"/>
  <testcase classname="basic.testcase.SampleLoggingGenerator" name="REST_TEST01" time="0.123"/>
</testsuite> <!-- basic.testcase.SampleLoggingGenerator -->
