<?xml version="1.0" encoding="UTF-8"?>
<!-- Generated by org.testng.reporters.JUnitReportReporter -->
<testsuite hostname="Ayyappas-MacBook-Air.local" failures="0" tests="4" name="basic.testcase.CreateGITRepoTest" time="8.188" errors="0" timestamp="2022-04-24T19:10:42 IST" skipped="0">
  <testcase classname="basic.testcase.CreateGITRepoTest" name="deleteRepo" time="0.756"/>
  <testcase classname="basic.testcase.CreateGITRepoTest" name="deleteRepo2" time="0.713"/>
  <testcase classname="basic.testcase.CreateGITRepoTest" name="createRepositryTestcasePOJO" time="1.818"/>
  <testcase classname="basic.testcase.CreateGITRepoTest" name="createRepositryTestcase" time="4.901"/>
</testsuite> <!-- basic.testcase.CreateGITRepoTest -->
